Flow report for CORDIC
Fri Mar 11 12:08:08 2016
Quartus II 64-Bit Version 13.1.0 Build 162 10/23/2013 SJ Full Version


---------------------
; Table of Contents ;
---------------------
  1. Legal Notice
  2. Flow Summary
  3. Flow Settings
  4. Flow Non-Default Global Settings
  5. Flow Elapsed Time
  6. Flow OS Summary
  7. Flow Log
  8. Flow Messages
  9. Flow Suppressed Messages



----------------
; Legal Notice ;
----------------
Copyright (C) 1991-2013 Altera Corporation
Your use of Altera Corporation's design tools, logic functions 
and other software and tools, and its AMPP partner logic 
functions, and any output files from any of the foregoing 
(including device programming or simulation files), and any 
associated documentation or information are expressly subject 
to the terms and conditions of the Altera Program License 
Subscription Agreement, Altera MegaCore Function License 
Agreement, or other applicable license agreement, including, 
without limitation, that your use is for the sole purpose of 
programming logic devices manufactured by Altera and sold by 
Altera or its authorized distributors.  Please refer to the 
applicable agreement for further details.



+----------------------------------------------------------------------------------+
; Flow Summary                                                                     ;
+------------------------------------+---------------------------------------------+
; Flow Status                        ; Successful - Fri Mar 11 12:08:08 2016       ;
; Quartus II 64-Bit Version          ; 13.1.0 Build 162 10/23/2013 SJ Full Version ;
; Revision Name                      ; CORDIC                                      ;
; Top-level Entity Name              ; CORDIC                                      ;
; Family                             ; Cyclone III                                 ;
; Device                             ; EP3C16F484C6                                ;
; Timing Models                      ; Final                                       ;
; Total logic elements               ; 2,761                                       ;
;     Total combinational functions  ; 2,414                                       ;
;     Dedicated logic registers      ; 1,241                                       ;
; Total registers                    ; 1241                                        ;
; Total pins                         ; 225                                         ;
; Total virtual pins                 ; 0                                           ;
; Total memory bits                  ; 385                                         ;
; Embedded Multiplier 9-bit elements ; 23                                          ;
; Total PLLs                         ; 0                                           ;
+------------------------------------+---------------------------------------------+


+-----------------------------------------+
; Flow Settings                           ;
+-------------------+---------------------+
; Option            ; Setting             ;
+-------------------+---------------------+
; Start date & time ; 03/11/2016 12:07:27 ;
; Main task         ; Compilation         ;
; Revision Name     ; CORDIC              ;
+-------------------+---------------------+


+--------------------------------------------------------------------------------------------------------------------------------------+
; Flow Non-Default Global Settings                                                                                                     ;
+-------------------------------------+-------------------------------------------------+---------------+-------------+----------------+
; Assignment Name                     ; Value                                           ; Default Value ; Entity Name ; Section Id     ;
+-------------------------------------+-------------------------------------------------+---------------+-------------+----------------+
; COMPILER_SIGNATURE_ID               ; 145385904807537.145769804706984                 ; --            ; --          ; --             ;
; EDA_GENERATE_FUNCTIONAL_NETLIST     ; On                                              ; --            ; --          ; eda_simulation ;
; EDA_NETLIST_WRITER_OUTPUT_DIR       ; D:/Users/Polar/OneDrive/CORDIC/simulation/qsim/ ; --            ; --          ; eda_simulation ;
; EDA_OUTPUT_DATA_FORMAT              ; Verilog Hdl                                     ; --            ; --          ; eda_simulation ;
; EDA_SIMULATION_TOOL                 ; ModelSim-Altera (Verilog)                       ; <None>        ; --          ; --             ;
; IP_TOOL_NAME                        ; ROM: 1-PORT                                     ; --            ; --          ; --             ;
; IP_TOOL_NAME                        ; ALTFP_ADD_SUB                                   ; --            ; --          ; --             ;
; IP_TOOL_NAME                        ; LPM_CONSTANT                                    ; --            ; --          ; --             ;
; IP_TOOL_NAME                        ; ALTFP_DIV                                       ; --            ; --          ; --             ;
; IP_TOOL_NAME                        ; LPM_CONSTANT                                    ; --            ; --          ; --             ;
; IP_TOOL_NAME                        ; ALTFP_MULT                                      ; --            ; --          ; --             ;
; IP_TOOL_NAME                        ; ALTFP_ADD_SUB                                   ; --            ; --          ; --             ;
; IP_TOOL_NAME                        ; Shift register (RAM-based)                      ; --            ; --          ; --             ;
; IP_TOOL_VERSION                     ; 13.1                                            ; --            ; --          ; --             ;
; IP_TOOL_VERSION                     ; 13.1                                            ; --            ; --          ; --             ;
; IP_TOOL_VERSION                     ; 13.1                                            ; --            ; --          ; --             ;
; IP_TOOL_VERSION                     ; 13.1                                            ; --            ; --          ; --             ;
; IP_TOOL_VERSION                     ; 13.1                                            ; --            ; --          ; --             ;
; IP_TOOL_VERSION                     ; 13.1                                            ; --            ; --          ; --             ;
; IP_TOOL_VERSION                     ; 13.1                                            ; --            ; --          ; --             ;
; IP_TOOL_VERSION                     ; 13.1                                            ; --            ; --          ; --             ;
; MAX_CORE_JUNCTION_TEMP              ; 85                                              ; --            ; --          ; --             ;
; MIN_CORE_JUNCTION_TEMP              ; 0                                               ; --            ; --          ; --             ;
; MISC_FILE                           ; ROM1.bsf                                        ; --            ; --          ; --             ;
; MISC_FILE                           ; ROM1_bb.v                                       ; --            ; --          ; --             ;
; MISC_FILE                           ; altfp_add_sub0.bsf                              ; --            ; --          ; --             ;
; MISC_FILE                           ; altfp_add_sub0_bb.v                             ; --            ; --          ; --             ;
; MISC_FILE                           ; lpm_constant0.bsf                               ; --            ; --          ; --             ;
; MISC_FILE                           ; lpm_constant0_bb.v                              ; --            ; --          ; --             ;
; MISC_FILE                           ; altfp_div0.bsf                                  ; --            ; --          ; --             ;
; MISC_FILE                           ; altfp_div0_bb.v                                 ; --            ; --          ; --             ;
; MISC_FILE                           ; lpm_constant1.bsf                               ; --            ; --          ; --             ;
; MISC_FILE                           ; lpm_constant1_bb.v                              ; --            ; --          ; --             ;
; MISC_FILE                           ; altfp_mult0.bsf                                 ; --            ; --          ; --             ;
; MISC_FILE                           ; altfp_mult0_inst.v                              ; --            ; --          ; --             ;
; MISC_FILE                           ; altfp_mult0_bb.v                                ; --            ; --          ; --             ;
; MISC_FILE                           ; altfp_mult0.inc                                 ; --            ; --          ; --             ;
; MISC_FILE                           ; altfp_mult0.cmp                                 ; --            ; --          ; --             ;
; MISC_FILE                           ; altfp_add_sub1.bsf                              ; --            ; --          ; --             ;
; MISC_FILE                           ; altfp_add_sub1_bb.v                             ; --            ; --          ; --             ;
; MISC_FILE                           ; shiftreg.bsf                                    ; --            ; --          ; --             ;
; MISC_FILE                           ; shiftreg_bb.v                                   ; --            ; --          ; --             ;
; NOMINAL_CORE_SUPPLY_VOLTAGE         ; 1.2V                                            ; --            ; --          ; --             ;
; PARTITION_COLOR                     ; 16764057                                        ; --            ; --          ; Top            ;
; PARTITION_FITTER_PRESERVATION_LEVEL ; PLACEMENT_AND_ROUTING                           ; --            ; --          ; Top            ;
; PARTITION_NETLIST_TYPE              ; SOURCE                                          ; --            ; --          ; Top            ;
; POWER_BOARD_THERMAL_MODEL           ; None (CONSERVATIVE)                             ; --            ; --          ; --             ;
; POWER_PRESET_COOLING_SOLUTION       ; 23 MM HEAT SINK WITH 200 LFPM AIRFLOW           ; --            ; --          ; --             ;
; PROJECT_OUTPUT_DIRECTORY            ; output_files                                    ; --            ; --          ; --             ;
+-------------------------------------+-------------------------------------------------+---------------+-------------+----------------+


+--------------------------------------------------------------------------------------------------------------------------+
; Flow Elapsed Time                                                                                                        ;
+----------------------+--------------+-------------------------+---------------------+------------------------------------+
; Module Name          ; Elapsed Time ; Average Processors Used ; Peak Virtual Memory ; Total CPU Time (on all processors) ;
+----------------------+--------------+-------------------------+---------------------+------------------------------------+
; Analysis & Synthesis ; 00:00:22     ; 1.0                     ; 566 MB              ; 00:00:21                           ;
; EDA Netlist Writer   ; 00:00:01     ; 1.0                     ; 444 MB              ; 00:00:01                           ;
; EDA Netlist Writer   ; 00:00:02     ; 1.0                     ; 462 MB              ; 00:00:03                           ;
; Total                ; 00:00:25     ; --                      ; --                  ; 00:00:25                           ;
+----------------------+--------------+-------------------------+---------------------+------------------------------------+


+-----------------------------------------------------------------------------------+
; Flow OS Summary                                                                   ;
+----------------------+------------------+-----------+------------+----------------+
; Module Name          ; Machine Hostname ; OS Name   ; OS Version ; Processor type ;
+----------------------+------------------+-----------+------------+----------------+
; Analysis & Synthesis ; DESKTOP-FHF3F57  ; Windows 7 ; 6.2        ; x86_64         ;
; EDA Netlist Writer   ; DESKTOP-FHF3F57  ; Windows 7 ; 6.2        ; x86_64         ;
; EDA Netlist Writer   ; DESKTOP-FHF3F57  ; Windows 7 ; 6.2        ; x86_64         ;
+----------------------+------------------+-----------+------------+----------------+


------------
; Flow Log ;
------------
quartus_map --read_settings_files=on --write_settings_files=off CORDIC -c CORDIC
quartus_eda --gen_testbench --check_outputs=on --tool=modelsim_oem --format=verilog CORDIC -c CORDIC --vector_source=D:/Users/Polar/OneDrive/CORDIC/Waveform1.vwf --testbench_file=D:/Users/Polar/OneDrive/CORDIC/simulation/qsim/Waveform1.vwf.vt
quartus_eda --functional=on --flatten_buses=off --simulation=on --tool=modelsim_oem --format=verilog --output_directory=D:/Users/Polar/OneDrive/CORDIC/simulation/qsim/ CORDIC -c CORDIC



